CRITICAL - 2023-08-15 05:11:40 --> The framework needs the following extension(s) installed and loaded: intl.
in SYSTEMPATH\CodeIgniter.php on line 227.
 1 SYSTEMPATH\CodeIgniter.php(227): CodeIgniter\Exceptions\FrameworkException::forMissingExtension('intl')
 2 SYSTEMPATH\CodeIgniter.php(191): CodeIgniter\CodeIgniter->resolvePlatformExtensions()
 3 FCPATH\index.php(55): CodeIgniter\CodeIgniter->initialize()
CRITICAL - 2023-08-15 05:12:54 --> The framework needs the following extension(s) installed and loaded: intl.
in SYSTEMPATH\CodeIgniter.php on line 227.
 1 SYSTEMPATH\CodeIgniter.php(227): CodeIgniter\Exceptions\FrameworkException::forMissingExtension('intl')
 2 SYSTEMPATH\CodeIgniter.php(191): CodeIgniter\CodeIgniter->resolvePlatformExtensions()
 3 FCPATH\index.php(55): CodeIgniter\CodeIgniter->initialize()
CRITICAL - 2023-08-15 05:12:56 --> The framework needs the following extension(s) installed and loaded: intl.
in SYSTEMPATH\CodeIgniter.php on line 227.
 1 SYSTEMPATH\CodeIgniter.php(227): CodeIgniter\Exceptions\FrameworkException::forMissingExtension('intl')
 2 SYSTEMPATH\CodeIgniter.php(191): CodeIgniter\CodeIgniter->resolvePlatformExtensions()
 3 FCPATH\index.php(55): CodeIgniter\CodeIgniter->initialize()
CRITICAL - 2023-08-15 03:46:04 --> Invalid file: "dashboard.php"
in SYSTEMPATH\Exceptions\FrameworkException.php on line 33.
 1 SYSTEMPATH\View\View.php(212): CodeIgniter\Exceptions\FrameworkException::forInvalidFile('dashboard.php')
 2 SYSTEMPATH\Common.php(1176): CodeIgniter\View\View->render('dashboard', [], true)
 3 APPPATH\Controllers\Sijawara.php(9): view('dashboard')
 4 SYSTEMPATH\CodeIgniter.php(932): App\Controllers\Sijawara->index()
 5 SYSTEMPATH\CodeIgniter.php(497): CodeIgniter\CodeIgniter->runController(Object(App\Controllers\Sijawara))
 6 SYSTEMPATH\CodeIgniter.php(366): CodeIgniter\CodeIgniter->handleRequest(null, Object(Config\Cache), false)
 7 FCPATH\index.php(67): CodeIgniter\CodeIgniter->run()
 8 SYSTEMPATH\Commands\Server\rewrite.php(47): require_once('C:\\xampp\\htdocs\\ci4\\public\\index.php')
CRITICAL - 2023-08-15 03:46:39 --> Invalid file: "dashboard.php"
in SYSTEMPATH\Exceptions\FrameworkException.php on line 33.
 1 SYSTEMPATH\View\View.php(212): CodeIgniter\Exceptions\FrameworkException::forInvalidFile('dashboard.php')
 2 SYSTEMPATH\Common.php(1176): CodeIgniter\View\View->render('dashboard', [], true)
 3 APPPATH\Controllers\Sijawara.php(9): view('dashboard')
 4 SYSTEMPATH\CodeIgniter.php(932): App\Controllers\Sijawara->index()
 5 SYSTEMPATH\CodeIgniter.php(497): CodeIgniter\CodeIgniter->runController(Object(App\Controllers\Sijawara))
 6 SYSTEMPATH\CodeIgniter.php(366): CodeIgniter\CodeIgniter->handleRequest(null, Object(Config\Cache), false)
 7 FCPATH\index.php(67): CodeIgniter\CodeIgniter->run()
 8 SYSTEMPATH\Commands\Server\rewrite.php(47): require_once('C:\\xampp\\htdocs\\ci4\\public\\index.php')
CRITICAL - 2023-08-15 03:46:50 --> Invalid file: "dashboard.php"
in SYSTEMPATH\Exceptions\FrameworkException.php on line 33.
 1 SYSTEMPATH\View\View.php(212): CodeIgniter\Exceptions\FrameworkException::forInvalidFile('dashboard.php')
 2 SYSTEMPATH\Common.php(1176): CodeIgniter\View\View->render('dashboard', [], true)
 3 APPPATH\Controllers\Sijawara.php(9): view('dashboard')
 4 SYSTEMPATH\CodeIgniter.php(932): App\Controllers\Sijawara->index()
 5 SYSTEMPATH\CodeIgniter.php(497): CodeIgniter\CodeIgniter->runController(Object(App\Controllers\Sijawara))
 6 SYSTEMPATH\CodeIgniter.php(366): CodeIgniter\CodeIgniter->handleRequest(null, Object(Config\Cache), false)
 7 FCPATH\index.php(67): CodeIgniter\CodeIgniter->run()
 8 SYSTEMPATH\Commands\Server\rewrite.php(47): require_once('C:\\xampp\\htdocs\\ci4\\public\\index.php')
CRITICAL - 2023-08-15 03:47:32 --> Call to undefined function App\Controllers\views()
in APPPATH\Controllers\Sijawara.php on line 9.
 1 SYSTEMPATH\CodeIgniter.php(932): App\Controllers\Sijawara->index()
 2 SYSTEMPATH\CodeIgniter.php(497): CodeIgniter\CodeIgniter->runController(Object(App\Controllers\Sijawara))
 3 SYSTEMPATH\CodeIgniter.php(366): CodeIgniter\CodeIgniter->handleRequest(null, Object(Config\Cache), false)
 4 FCPATH\index.php(67): CodeIgniter\CodeIgniter->run()
 5 SYSTEMPATH\Commands\Server\rewrite.php(47): require_once('C:\\xampp\\htdocs\\ci4\\public\\index.php')
CRITICAL - 2023-08-15 03:47:40 --> Invalid file: "dashboard.php"
in SYSTEMPATH\Exceptions\FrameworkException.php on line 33.
 1 SYSTEMPATH\View\View.php(212): CodeIgniter\Exceptions\FrameworkException::forInvalidFile('dashboard.php')
 2 SYSTEMPATH\Common.php(1176): CodeIgniter\View\View->render('dashboard', [], true)
 3 APPPATH\Controllers\Sijawara.php(9): view('dashboard')
 4 SYSTEMPATH\CodeIgniter.php(932): App\Controllers\Sijawara->index()
 5 SYSTEMPATH\CodeIgniter.php(497): CodeIgniter\CodeIgniter->runController(Object(App\Controllers\Sijawara))
 6 SYSTEMPATH\CodeIgniter.php(366): CodeIgniter\CodeIgniter->handleRequest(null, Object(Config\Cache), false)
 7 FCPATH\index.php(67): CodeIgniter\CodeIgniter->run()
 8 SYSTEMPATH\Commands\Server\rewrite.php(47): require_once('C:\\xampp\\htdocs\\ci4\\public\\index.php')
CRITICAL - 2023-08-15 03:48:15 --> Invalid file: "Dashboard.php"
in SYSTEMPATH\Exceptions\FrameworkException.php on line 33.
 1 SYSTEMPATH\View\View.php(212): CodeIgniter\Exceptions\FrameworkException::forInvalidFile('Dashboard.php')
 2 SYSTEMPATH\Common.php(1176): CodeIgniter\View\View->render('Dashboard', [], true)
 3 APPPATH\Controllers\Sijawara.php(9): view('Dashboard')
 4 SYSTEMPATH\CodeIgniter.php(932): App\Controllers\Sijawara->index()
 5 SYSTEMPATH\CodeIgniter.php(497): CodeIgniter\CodeIgniter->runController(Object(App\Controllers\Sijawara))
 6 SYSTEMPATH\CodeIgniter.php(366): CodeIgniter\CodeIgniter->handleRequest(null, Object(Config\Cache), false)
 7 FCPATH\index.php(67): CodeIgniter\CodeIgniter->run()
 8 SYSTEMPATH\Commands\Server\rewrite.php(47): require_once('C:\\xampp\\htdocs\\ci4\\public\\index.php')
CRITICAL - 2023-08-15 12:42:53 --> App\Controllers\Sijawara::index(): Return value must be of type string, none returned
in APPPATH\Controllers\Sijawara.php on line 12.
 1 SYSTEMPATH\CodeIgniter.php(932): App\Controllers\Sijawara->index()
 2 SYSTEMPATH\CodeIgniter.php(497): CodeIgniter\CodeIgniter->runController(Object(App\Controllers\Sijawara))
 3 SYSTEMPATH\CodeIgniter.php(366): CodeIgniter\CodeIgniter->handleRequest(null, Object(Config\Cache), false)
 4 FCPATH\index.php(67): CodeIgniter\CodeIgniter->run()
 5 SYSTEMPATH\Commands\Server\rewrite.php(47): require_once('C:\\xampp\\htdocs\\ci4\\public\\index.php')
